#
# There is insufficient memory for the Java Runtime Environment to continue.
# Native memory allocation (mmap) failed to map 266338304 bytes for Failed to commit area from 0x0000000702800000 to 0x0000000712600000 of length 266338304.
# Possible reasons:
#   The system is out of physical RAM or swap space
#   The process is running with CompressedOops enabled, and the Java Heap may be blocking the growth of the native heap
# Possible solutions:
#   Reduce memory load on the system
#   Increase physical memory or swap space
#   Check if swap backing store is full
#   Decrease Java heap size (-Xmx/-Xms)
#   Decrease number of Java threads
#   Decrease Java thread stack sizes (-Xss)
#   Set larger code cache with -XX:ReservedCodeCacheSize=
# This output file may be truncated or incomplete.
#
#  Out of Memory Error (t:/workspace/open/src/hotspot/os/windows/os_windows.cpp:3269), pid=20216, tid=16816
#
# JRE version:  (11.0.2+9) (build )
# Java VM: OpenJDK 64-Bit Server VM (11.0.2+9, mixed mode, aot, sharing, tiered, compressed oops, g1 gc, windows-amd64)
# No core dump will be written. Minidumps are not enabled by default on client versions of Windows
#

---------------  S U M M A R Y ------------

Command Line: 

Host: Intel(R) Core(TM) i5-8250U CPU @ 1.60GHz, 8 cores, 15G,  Windows 10 , 64 bit Build 19041 (10.0.19041.4957)
Time: Wed Oct  8 15:06:03 2025 Coordinated Universal Time elapsed time: 0 seconds (0d 0h 0m 0s)

---------------  T H R E A D  ---------------

Current thread (0x000001d742aea800):  JavaThread "Unknown thread" [_thread_in_vm, id=16816, stack(0x0000005a8a400000,0x0000005a8a500000)]

Stack: [0x0000005a8a400000,0x0000005a8a500000]
Native frames: (J=compiled Java code, j=interpreted, Vv=VM code, C=native code)
V  [jvm.dll+0x63489a]
V  [jvm.dll+0x771f9f]
V  [jvm.dll+0x773648]
V  [jvm.dll+0x773d03]
V  [jvm.dll+0x25eba8]
V  [jvm.dll+0x631d3a]
V  [jvm.dll+0x626775]
V  [jvm.dll+0x313ffc]
V  [jvm.dll+0x313e82]
V  [jvm.dll+0x3196e6]
V  [jvm.dll+0x36579f]
V  [jvm.dll+0x3651c0]
V  [jvm.dll+0x2f0ff8]
V  [jvm.dll+0x2f2156]
V  [jvm.dll+0x74b4f7]
V  [jvm.dll+0x74cc3f]
V  [jvm.dll+0x372609]
V  [jvm.dll+0x731b69]
V  [jvm.dll+0x3e1bad]
V  [jvm.dll+0x3e3e81]
C  [java.exe+0x3607]
C  [java.exe+0x1746c]
C  [KERNEL32.DLL+0x17374]
C  [ntdll.dll+0x4cc91]


---------------  P R O C E S S  ---------------

Threads class SMR info:
_java_thread_list=0x000001d740a10040, length=0, elements={
}

Java Threads: ( => current thread )

Other Threads:
  0x000001d742b04000 GCTaskThread "GC Thread#0" [stack: 0x0000005a8a500000,0x0000005a8a600000] [id=17240]
  0x000001d742b5f800 ConcurrentGCThread "G1 Main Marker" [stack: 0x0000005a8a600000,0x0000005a8a700000] [id=18416]
  0x000001d742b61000 ConcurrentGCThread "G1 Conc#0" [stack: 0x0000005a8a700000,0x0000005a8a800000] [id=18620]

[error occurred during error reporting (printing all threads), id 0xc0000005, EXCEPTION_ACCESS_VIOLATION (0xc0000005) at pc=0x00007ffcc175f5b7]

VM state:not at safepoint (not fully initialized)

VM Mutex/Monitor currently owned by a thread:  ([mutex/lock_event])
[0x000001d742ae8890] Heap_lock - owner thread: 0x000001d742aea800

Heap address: 0x0000000702800000, size: 4056 MB, Compressed Oops mode: Non-zero based: 0x0000000702800000
Narrow klass base: 0x0000000000000000, Narrow klass shift: 0

GC Heap History (0 events):
No events

Deoptimization events (0 events):
No events

Classes redefined (0 events):
No events

Internal exceptions (0 events):
No events

Events (0 events):
No events


Dynamic libraries:
0x00007ff719650000 - 0x00007ff719695000 	C:\Users\dell\AppData\Local\jdk-11.0.2\bin\java.exe
0x00007ffd24890000 - 0x00007ffd24a88000 	C:\WINDOWS\SYSTEM32\ntdll.dll
0x00007ffd24780000 - 0x00007ffd24842000 	C:\WINDOWS\System32\KERNEL32.DLL
0x00007ffd221c0000 - 0x00007ffd224be000 	C:\WINDOWS\System32\KERNELBASE.dll
0x00007ffd24270000 - 0x00007ffd2440d000 	C:\WINDOWS\System32\USER32.dll
0x00007ffd21f40000 - 0x00007ffd21f62000 	C:\WINDOWS\System32\win32u.dll
0x00007ffd22ab0000 - 0x00007ffd22adb000 	C:\WINDOWS\System32\GDI32.dll
0x00007ffd226b0000 - 0x00007ffd227c7000 	C:\WINDOWS\System32\gdi32full.dll
0x00007ffd22020000 - 0x00007ffd220bd000 	C:\WINDOWS\System32\msvcp_win.dll
0x00007ffd220c0000 - 0x00007ffd221c0000 	C:\WINDOWS\System32\ucrtbase.dll
0x00007ffd0f400000 - 0x00007ffd0f69a000 	C:\WINDOWS\WinSxS\amd64_microsoft.windows.common-controls_6595b64144ccf1df_6.0.19041.4355_none_60b8b9eb71f62e16\COMCTL32.dll
0x00007ffd22a10000 - 0x00007ffd22aae000 	C:\WINDOWS\System32\msvcrt.dll
0x00007ffd24160000 - 0x00007ffd2418f000 	C:\WINDOWS\System32\IMM32.DLL
0x00007ffd09960000 - 0x00007ffd09976000 	C:\Users\dell\AppData\Local\jdk-11.0.2\bin\vcruntime140.dll
0x00007ffce4af0000 - 0x00007ffce4b9a000 	C:\Users\dell\AppData\Local\jdk-11.0.2\bin\msvcp140.dll
0x00007ffcc1460000 - 0x00007ffcc1f83000 	C:\Users\dell\AppData\Local\jdk-11.0.2\bin\server\jvm.dll
0x00007ffd246d0000 - 0x00007ffd24780000 	C:\WINDOWS\System32\ADVAPI32.dll
0x00007ffd22970000 - 0x00007ffd22a10000 	C:\WINDOWS\System32\sechost.dll
0x00007ffd236a0000 - 0x00007ffd237c3000 	C:\WINDOWS\System32\RPCRT4.dll
0x00007ffd227d0000 - 0x00007ffd227f7000 	C:\WINDOWS\System32\bcrypt.dll
0x00007ffd23fd0000 - 0x00007ffd23fd8000 	C:\WINDOWS\System32\PSAPI.DLL
0x00007ffd07e40000 - 0x00007ffd07e49000 	C:\WINDOWS\SYSTEM32\WSOCK32.dll
0x00007ffd237d0000 - 0x00007ffd2383b000 	C:\WINDOWS\System32\WS2_32.dll
0x00007ffd1d440000 - 0x00007ffd1d44a000 	C:\WINDOWS\SYSTEM32\VERSION.dll
0x00007ffd0b0c0000 - 0x00007ffd0b0e7000 	C:\WINDOWS\SYSTEM32\WINMM.dll
0x00007ffd20760000 - 0x00007ffd20772000 	C:\WINDOWS\SYSTEM32\kernel.appcore.dll
0x00007ffcf8010000 - 0x00007ffcf8021000 	C:\Users\dell\AppData\Local\jdk-11.0.2\bin\verify.dll
0x00007ffd1fcb0000 - 0x00007ffd1fe94000 	C:\WINDOWS\SYSTEM32\DBGHELP.DLL
0x00007ffcfed60000 - 0x00007ffcfed94000 	C:\WINDOWS\SYSTEM32\dbgcore.DLL
0x00007ffd22620000 - 0x00007ffd226a2000 	C:\WINDOWS\System32\bcryptPrimitives.dll
0x00007ffcf7fe0000 - 0x00007ffcf8008000 	C:\Users\dell\AppData\Local\jdk-11.0.2\bin\java.dll
0x00007ffcf7fc0000 - 0x00007ffcf7fd6000 	C:\Users\dell\AppData\Local\jdk-11.0.2\bin\zip.dll
0x00007ffd1dcd0000 - 0x00007ffd1dcda000 	C:\Users\dell\AppData\Local\jdk-11.0.2\bin\jimage.dll

dbghelp: loaded successfully - version: 4.0.5 - missing functions: none
symbol engine: initialized successfully - sym options: 0x614 - pdb path: .;C:\Users\dell\AppData\Local\jdk-11.0.2\bin;C:\WINDOWS\SYSTEM32;C:\WINDOWS\WinSxS\amd64_microsoft.windows.common-controls_6595b64144ccf1df_6.0.19041.4355_none_60b8b9eb71f62e16;C:\Users\dell\AppData\Local\jdk-11.0.2\bin\server

VM Arguments:
java_command: <unknown>
java_class_path (initial): <not set>
Launcher Type: SUN_STANDARD

[Global flags]
     intx CICompilerCount                          = 4                                         {product} {ergonomic}
     uint ConcGCThreads                            = 2                                         {product} {ergonomic}
     uint G1ConcRefinementThreads                  = 8                                         {product} {ergonomic}
   size_t G1HeapRegionSize                         = 1048576                                   {product} {ergonomic}
    uintx GCDrainStackTargetSize                   = 64                                        {product} {ergonomic}
   size_t InitialHeapSize                          = 266338304                                 {product} {ergonomic}
   size_t MarkStackSize                            = 4194304                                   {product} {ergonomic}
   size_t MaxHeapSize                              = 4253024256                                {product} {ergonomic}
   size_t MinHeapDeltaBytes                        = 1048576                                   {product} {ergonomic}
    uintx NonNMethodCodeHeapSize                   = 5835340                                {pd product} {ergonomic}
    uintx NonProfiledCodeHeapSize                  = 122911450                              {pd product} {ergonomic}
    uintx ProfiledCodeHeapSize                     = 122911450                              {pd product} {ergonomic}
    uintx ReservedCodeCacheSize                    = 251658240                              {pd product} {ergonomic}
     bool SegmentedCodeCache                       = true                                      {product} {ergonomic}
     bool UseCompressedClassPointers               = true                                 {lp64_product} {ergonomic}
     bool UseCompressedOops                        = true                                 {lp64_product} {ergonomic}
     bool UseG1GC                                  = true                                      {product} {ergonomic}
     bool UseLargePagesIndividualAllocation        = false                                  {pd product} {ergonomic}

Logging:
Log output configuration:
 #0: stdout all=warning uptime,level,tags
 #1: stderr all=off uptime,level,tags

Environment Variables:
JAVA_HOME=C:\Users\dell\AppData\Local\jdk-11.0.2
PATH=C:\Program Files (x86)\Common Files\Oracle\Java\java8path;C:\Program Files (x86)\Common Files\Oracle\Java\javapath;%LOCALAPPDATA%\Android\Sdk\platform-tools;C:\Program Files\dotnet\;C:\Users\munir\AppData\Roaming\nvm;C:\Program Files\nodejs;C:\Program Files\Git\cmd;C:\Program Files\nodejs\;C:\Users\dell\AppData\Local\Android\Sdk\platform-tools;C:\Users\dell\AppData\Local\Android\Sdk\tools;C:\Users\dell\AppData\Local\jdk-11.0.2\bin;C:\Users\dell\AppData\Local\Android\Sdk\platform-tools;C:\Users\dell\AppData\Local\Android\Sdk\tools;C:\Users\dell\AppData\Local\jdk-11.0.2\bin;C:\Users\dell\AppData\Local\Android\Sdk\platform-tools;C:\Users\dell\AppData\Local\Android\Sdk\tools;C:\Users\dell\AppData\Local\jdk-11.0.2\bin;C:\Users\dell\AppData\Local\Microsoft\WindowsApps;C:\Users\dell\AppData\Local\atom\bin;C:\Users\dell\AppData\Local\Microsoft\WindowsApps;C:\Users\dell\AppData\Local\Programs\Microsoft VS Code\bin;C:\Users\dell\AppData\Local\Programs\Git\cmd;C:\Users\dell\AppData\Roaming\npm
USERNAME=StarLet
OS=Windows_NT
PROCESSOR_IDENTIFIER=Intel64 Family 6 Model 142 Stepping 10, GenuineIntel



---------------  S Y S T E M  ---------------

OS: Windows 10 , 64 bit Build 19041 (10.0.19041.4957)

CPU:total 8 (initial active 8) (4 cores per cpu, 2 threads per core) family 6 model 142 stepping 10, cmov, cx8, fxsr, mmx, sse, sse2, sse3, ssse3, sse4.1, sse4.2, popcnt, avx, avx2, aes, clmul, erms, 3dnowpref, lzcnt, ht, tsc, tscinvbit, bmi1, bmi2, adx, fma

Memory: 4k page, system-wide physical 16218M (4346M free)
TotalPageFile size 16354M (AvailPageFile size 106M)
current process WorkingSet (physical memory assigned to process): 10M, peak: 10M
current process commit charge ("private bytes"): 60M, peak: 314M

vm_info: OpenJDK 64-Bit Server VM (11.0.2+9) for windows-amd64 JRE (11.0.2+9), built on Jan 18 2019 05:23:22 by "mach5one" with MS VC++ 15.5 (VS2017)

END.
